<?xml version="1.0" encoding="UTF-8"?>
<testsuite xmlns:xsi="http://www.w3.org/2001/XMLSchema-instance" xsi:noNamespaceSchemaLocation="https://maven.apache.org/surefire/maven-surefire-plugin/xsd/surefire-test-report-3.0.xsd" version="3.0" name="Tests.СourierTest" time="3.168" tests="8" errors="0" skipped="0" failures="1">
  <properties>
[...]
</properties>
  <testcase name="createСourierNotLoginTestMessageLogin" classname="Tests.СourierTest" time="0.236"/>
  <testcase name="createСourierSameСourierBody" classname="Tests.СourierTest" time="0.424"/>
  <testcase name="createСourierSameСourierText" classname="Tests.СourierTest" time="0.423"/>
  <testcase name="createСourierNotLoginTestCodePassword" classname="Tests.СourierTest" time="0.206"/>
  <testcase name="createCourierCode201" classname="Tests.СourierTest" time="1.265"/>
  <testcase name="createСourierNotLoginTestCodeLogin" classname="Tests.СourierTest" time="0.267"/>
  <testcase name="createСourierBody" classname="Tests.СourierTest" time="0.183">
    <failure message="expected: &lt;false&gt; but was: &lt;true&gt;" type="org.opentest4j.AssertionFailedError"><![CDATA[org.opentest4j.AssertionFailedError: expected: <false> but was: <true>
	at org.junit.jupiter.api.AssertionFailureBuilder.build(AssertionFailureBuilder.java:151)
	at org.junit.jupiter.api.AssertionFailureBuilder.buildAndThrow(AssertionFailureBuilder.java:132)
	at org.junit.jupiter.api.AssertEquals.failNotEqual(AssertEquals.java:197)
	at org.junit.jupiter.api.AssertEquals.assertEquals(AssertEquals.java:182)
	at org.junit.jupiter.api.AssertEquals.assertEquals(AssertEquals.java:177)
	at org.junit.jupiter.api.Assertions.assertEquals(Assertions.java:1145)
	at Tests.СourierTest.createСourierBody(СourierTest.java:69)
	at java.base/java.lang.reflect.Method.invoke(Method.java:577)
	at java.base/java.util.ArrayList.forEach(ArrayList.java:1511)
	at java.base/java.util.ArrayList.forEach(ArrayList.java:1511)
]]></failure>
  </testcase>
  <testcase name="createСourierNotLoginTestMessagePassword" classname="Tests.СourierTest" time="0.159"/>
</testsuite>